2024-03-04 10:42:28,593 [Worker-2: Loading available Gradle versions] INFO  o.e.b.c.i.u.g.PublishedGradleVersions - Gradle version information cache is out-of-date. Trying to update.
2024-03-04 10:42:38,677 [Worker-6: Update Maven projects configuration] INFO  o.e.m.c.i.p.ProjectConfigurationManager - Update started
2024-03-04 10:42:42,931 [Worker-6: Update Maven projects configuration] INFO  o.e.m.c.i.l.LifecycleMappingFactory - Using org.eclipse.m2e.jdt.JarLifecycleMapping lifecycle mapping for MavenProject: com.work:3work:0.0.1-SNAPSHOT @ C:\3WORK\workProject\Code\3WORK\pom.xml.
2024-03-04 10:42:51,141 [Worker-6: Update Maven projects configuration] INFO  o.e.m.j.i.AbstractJavaProjectConfigurator - Adding source folder /3WORK/src/main/java
2024-03-04 10:42:51,142 [Worker-6: Update Maven projects configuration] INFO  o.e.m.j.i.AbstractJavaProjectConfigurator - Adding resource folder /3WORK/src/main/resources
2024-03-04 10:42:51,155 [Worker-6: Update Maven projects configuration] INFO  o.e.m.j.i.AbstractJavaProjectConfigurator - Adding resource folder /3WORK/src/main/resources
2024-03-04 10:42:51,211 [Worker-6: Update Maven projects configuration] INFO  o.e.m.j.i.AbstractJavaProjectConfigurator - Adding source folder /3WORK/src/test/java
2024-03-04 10:42:51,213 [Worker-6: Update Maven projects configuration] INFO  o.e.m.j.i.AbstractJavaProjectConfigurator - Adding resource folder /3WORK/src/test/resources
2024-03-04 10:43:00,014 [Worker-6: Update Maven projects configuration] INFO  o.e.m.c.i.p.ProjectConfigurationManager - Update completed for 1 poms: local refresh takes 0.00 sec, refresh facades takes 8.00 sec, update config takes 13.00 sec 
2024-03-04 10:43:01,442 [Worker-8: Building] INFO  o.a.m.s.f.DefaultMavenResourcesFiltering - Copying 1 resource from src\main\resources to target\classes
2024-03-04 10:43:01,466 [Worker-8: Building] INFO  o.a.m.s.f.DefaultMavenResourcesFiltering - Copying 158 resources from src\main\resources to target\classes
2024-03-04 10:43:01,769 [Worker-8: Building] INFO  o.a.m.s.f.DefaultMavenResourcesFiltering - skip non existing resourceDirectory C:\3WORK\workProject\Code\3WORK\src\test\resources
2024-03-04 23:56:57,195 [Worker-4: Loading available Gradle versions] INFO  o.e.b.c.i.u.g.PublishedGradleVersions - Gradle version information cache is up-to-date. Trying to read.
2024-03-04 23:58:32,704 [Worker-2: Launching Executing install in C__3WORK_workProject_Code_3WORK] INFO  o.eclipse.m2e.core.internal.Bundles - getClasspathEntries(Bundle=org.eclipse.m2e.maven.runtime_3.9.500.20231113-2345 [346])
2024-03-04 23:58:32,706 [Worker-2: Launching Executing install in C__3WORK_workProject_Code_3WORK] INFO  o.eclipse.m2e.core.internal.Bundles - 	Entry: C:\sts-4.21.1.RELEASE\plugins\org.eclipse.m2e.maven.runtime_3.9.500.20231113-2345
2024-03-04 23:58:32,707 [Worker-2: Launching Executing install in C__3WORK_workProject_Code_3WORK] INFO  o.eclipse.m2e.core.internal.Bundles - 	Entry: C:\sts-4.21.1.RELEASE\plugins\org.eclipse.m2e.maven.runtime_3.9.500.20231113-2345\jars\aopalliance-1.0.jar
2024-03-04 23:58:32,707 [Worker-2: Launching Executing install in C__3WORK_workProject_Code_3WORK] INFO  o.eclipse.m2e.core.internal.Bundles - 	Entry: C:\sts-4.21.1.RELEASE\plugins\org.eclipse.m2e.maven.runtime_3.9.500.20231113-2345\jars\guice-5.1.0.jar
2024-03-04 23:58:32,707 [Worker-2: Launching Executing install in C__3WORK_workProject_Code_3WORK] INFO  o.eclipse.m2e.core.internal.Bundles - 	Entry: C:\sts-4.21.1.RELEASE\plugins\org.eclipse.m2e.maven.runtime_3.9.500.20231113-2345\jars\httpclient-4.5.14.jar
2024-03-04 23:58:32,707 [Worker-2: Launching Executing install in C__3WORK_workProject_Code_3WORK] INFO  o.eclipse.m2e.core.internal.Bundles - 	Entry: C:\sts-4.21.1.RELEASE\plugins\org.eclipse.m2e.maven.runtime_3.9.500.20231113-2345\jars\httpcore-4.4.16.jar
2024-03-04 23:58:32,708 [Worker-2: Launching Executing install in C__3WORK_workProject_Code_3WORK] INFO  o.eclipse.m2e.core.internal.Bundles - 	Entry: C:\sts-4.21.1.RELEASE\plugins\org.eclipse.m2e.maven.runtime_3.9.500.20231113-2345\jars\jansi-2.4.0.jar
2024-03-04 23:58:32,708 [Worker-2: Launching Executing install in C__3WORK_workProject_Code_3WORK] INFO  o.eclipse.m2e.core.internal.Bundles - 	Entry: C:\sts-4.21.1.RELEASE\plugins\org.eclipse.m2e.maven.runtime_3.9.500.20231113-2345\jars\jcl-over-slf4j-1.7.36.jar
2024-03-04 23:58:32,708 [Worker-2: Launching Executing install in C__3WORK_workProject_Code_3WORK] INFO  o.eclipse.m2e.core.internal.Bundles - 	Entry: C:\sts-4.21.1.RELEASE\plugins\org.eclipse.m2e.maven.runtime_3.9.500.20231113-2345\jars\maven-artifact-3.9.5.jar
2024-03-04 23:58:32,708 [Worker-2: Launching Executing install in C__3WORK_workProject_Code_3WORK] INFO  o.eclipse.m2e.core.internal.Bundles - 	Entry: C:\sts-4.21.1.RELEASE\plugins\org.eclipse.m2e.maven.runtime_3.9.500.20231113-2345\jars\maven-builder-support-3.9.5.jar
2024-03-04 23:58:32,709 [Worker-2: Launching Executing install in C__3WORK_workProject_Code_3WORK] INFO  o.eclipse.m2e.core.internal.Bundles - 	Entry: C:\sts-4.21.1.RELEASE\plugins\org.eclipse.m2e.maven.runtime_3.9.500.20231113-2345\jars\maven-compat-3.9.5.jar
2024-03-04 23:58:32,709 [Worker-2: Launching Executing install in C__3WORK_workProject_Code_3WORK] INFO  o.eclipse.m2e.core.internal.Bundles - 	Entry: C:\sts-4.21.1.RELEASE\plugins\org.eclipse.m2e.maven.runtime_3.9.500.20231113-2345\jars\maven-core-3.9.5.jar
2024-03-04 23:58:32,709 [Worker-2: Launching Executing install in C__3WORK_workProject_Code_3WORK] INFO  o.eclipse.m2e.core.internal.Bundles - 	Entry: C:\sts-4.21.1.RELEASE\plugins\org.eclipse.m2e.maven.runtime_3.9.500.20231113-2345\jars\maven-embedder-3.9.5.jar
2024-03-04 23:58:32,709 [Worker-2: Launching Executing install in C__3WORK_workProject_Code_3WORK] INFO  o.eclipse.m2e.core.internal.Bundles - 	Entry: C:\sts-4.21.1.RELEASE\plugins\org.eclipse.m2e.maven.runtime_3.9.500.20231113-2345\jars\maven-model-3.9.5.jar
2024-03-04 23:58:32,710 [Worker-2: Launching Executing install in C__3WORK_workProject_Code_3WORK] INFO  o.eclipse.m2e.core.internal.Bundles - 	Entry: C:\sts-4.21.1.RELEASE\plugins\org.eclipse.m2e.maven.runtime_3.9.500.20231113-2345\jars\maven-model-builder-3.9.5.jar
2024-03-04 23:58:32,710 [Worker-2: Launching Executing install in C__3WORK_workProject_Code_3WORK] INFO  o.eclipse.m2e.core.internal.Bundles - 	Entry: C:\sts-4.21.1.RELEASE\plugins\org.eclipse.m2e.maven.runtime_3.9.500.20231113-2345\jars\maven-plugin-api-3.9.5.jar
2024-03-04 23:58:32,710 [Worker-2: Launching Executing install in C__3WORK_workProject_Code_3WORK] INFO  o.eclipse.m2e.core.internal.Bundles - 	Entry: C:\sts-4.21.1.RELEASE\plugins\org.eclipse.m2e.maven.runtime_3.9.500.20231113-2345\jars\maven-repository-metadata-3.9.5.jar
2024-03-04 23:58:32,710 [Worker-2: Launching Executing install in C__3WORK_workProject_Code_3WORK] INFO  o.eclipse.m2e.core.internal.Bundles - 	Entry: C:\sts-4.21.1.RELEASE\plugins\org.eclipse.m2e.maven.runtime_3.9.500.20231113-2345\jars\maven-resolver-api-1.9.16.jar
2024-03-04 23:58:32,711 [Worker-2: Launching Executing install in C__3WORK_workProject_Code_3WORK] INFO  o.eclipse.m2e.core.internal.Bundles - 	Entry: C:\sts-4.21.1.RELEASE\plugins\org.eclipse.m2e.maven.runtime_3.9.500.20231113-2345\jars\maven-resolver-connector-basic-1.9.16.jar
2024-03-04 23:58:32,711 [Worker-2: Launching Executing install in C__3WORK_workProject_Code_3WORK] INFO  o.eclipse.m2e.core.internal.Bundles - 	Entry: C:\sts-4.21.1.RELEASE\plugins\org.eclipse.m2e.maven.runtime_3.9.500.20231113-2345\jars\maven-resolver-impl-1.9.16.jar
2024-03-04 23:58:32,711 [Worker-2: Launching Executing install in C__3WORK_workProject_Code_3WORK] INFO  o.eclipse.m2e.core.internal.Bundles - 	Entry: C:\sts-4.21.1.RELEASE\plugins\org.eclipse.m2e.maven.runtime_3.9.500.20231113-2345\jars\maven-resolver-named-locks-1.9.16.jar
2024-03-04 23:58:32,711 [Worker-2: Launching Executing install in C__3WORK_workProject_Code_3WORK] INFO  o.eclipse.m2e.core.internal.Bundles - 	Entry: C:\sts-4.21.1.RELEASE\plugins\org.eclipse.m2e.maven.runtime_3.9.500.20231113-2345\jars\maven-resolver-provider-3.9.5.jar
2024-03-04 23:58:32,711 [Worker-2: Launching Executing install in C__3WORK_workProject_Code_3WORK] INFO  o.eclipse.m2e.core.internal.Bundles - 	Entry: C:\sts-4.21.1.RELEASE\plugins\org.eclipse.m2e.maven.runtime_3.9.500.20231113-2345\jars\maven-resolver-spi-1.9.16.jar
2024-03-04 23:58:32,712 [Worker-2: Launching Executing install in C__3WORK_workProject_Code_3WORK] INFO  o.eclipse.m2e.core.internal.Bundles - 	Entry: C:\sts-4.21.1.RELEASE\plugins\org.eclipse.m2e.maven.runtime_3.9.500.20231113-2345\jars\maven-resolver-transport-file-1.9.16.jar
2024-03-04 23:58:32,712 [Worker-2: Launching Executing install in C__3WORK_workProject_Code_3WORK] INFO  o.eclipse.m2e.core.internal.Bundles - 	Entry: C:\sts-4.21.1.RELEASE\plugins\org.eclipse.m2e.maven.runtime_3.9.500.20231113-2345\jars\maven-resolver-transport-http-1.9.16.jar
2024-03-04 23:58:32,713 [Worker-2: Launching Executing install in C__3WORK_workProject_Code_3WORK] INFO  o.eclipse.m2e.core.internal.Bundles - 	Entry: C:\sts-4.21.1.RELEASE\plugins\org.eclipse.m2e.maven.runtime_3.9.500.20231113-2345\jars\maven-resolver-transport-wagon-1.9.16.jar
2024-03-04 23:58:32,713 [Worker-2: Launching Executing install in C__3WORK_workProject_Code_3WORK] INFO  o.eclipse.m2e.core.internal.Bundles - 	Entry: C:\sts-4.21.1.RELEASE\plugins\org.eclipse.m2e.maven.runtime_3.9.500.20231113-2345\jars\maven-resolver-util-1.9.16.jar
2024-03-04 23:58:32,714 [Worker-2: Launching Executing install in C__3WORK_workProject_Code_3WORK] INFO  o.eclipse.m2e.core.internal.Bundles - 	Entry: C:\sts-4.21.1.RELEASE\plugins\org.eclipse.m2e.maven.runtime_3.9.500.20231113-2345\jars\maven-settings-3.9.5.jar
2024-03-04 23:58:32,714 [Worker-2: Launching Executing install in C__3WORK_workProject_Code_3WORK] INFO  o.eclipse.m2e.core.internal.Bundles - 	Entry: C:\sts-4.21.1.RELEASE\plugins\org.eclipse.m2e.maven.runtime_3.9.500.20231113-2345\jars\maven-settings-builder-3.9.5.jar
2024-03-04 23:58:32,714 [Worker-2: Launching Executing install in C__3WORK_workProject_Code_3WORK] INFO  o.eclipse.m2e.core.internal.Bundles - 	Entry: C:\sts-4.21.1.RELEASE\plugins\org.eclipse.m2e.maven.runtime_3.9.500.20231113-2345\jars\maven-shared-utils-3.3.4.jar
2024-03-04 23:58:32,715 [Worker-2: Launching Executing install in C__3WORK_workProject_Code_3WORK] INFO  o.eclipse.m2e.core.internal.Bundles - 	Entry: C:\sts-4.21.1.RELEASE\plugins\org.eclipse.m2e.maven.runtime_3.9.500.20231113-2345\jars\org.eclipse.sisu.inject-0.3.5.jar
2024-03-04 23:58:32,715 [Worker-2: Launching Executing install in C__3WORK_workProject_Code_3WORK] INFO  o.eclipse.m2e.core.internal.Bundles - 	Entry: C:\sts-4.21.1.RELEASE\plugins\org.eclipse.m2e.maven.runtime_3.9.500.20231113-2345\jars\org.eclipse.sisu.plexus-0.3.5.jar
2024-03-04 23:58:32,715 [Worker-2: Launching Executing install in C__3WORK_workProject_Code_3WORK] INFO  o.eclipse.m2e.core.internal.Bundles - 	Entry: C:\sts-4.21.1.RELEASE\plugins\org.eclipse.m2e.maven.runtime_3.9.500.20231113-2345\jars\plexus-build-api-0.0.7.jar
2024-03-04 23:58:32,715 [Worker-2: Launching Executing install in C__3WORK_workProject_Code_3WORK] INFO  o.eclipse.m2e.core.internal.Bundles - 	Entry: C:\sts-4.21.1.RELEASE\plugins\org.eclipse.m2e.maven.runtime_3.9.500.20231113-2345\jars\plexus-cipher-2.0.jar
2024-03-04 23:58:32,715 [Worker-2: Launching Executing install in C__3WORK_workProject_Code_3WORK] INFO  o.eclipse.m2e.core.internal.Bundles - 	Entry: C:\sts-4.21.1.RELEASE\plugins\org.eclipse.m2e.maven.runtime_3.9.500.20231113-2345\jars\plexus-classworlds-2.7.0.jar
2024-03-04 23:58:32,716 [Worker-2: Launching Executing install in C__3WORK_workProject_Code_3WORK] INFO  o.eclipse.m2e.core.internal.Bundles - 	Entry: C:\sts-4.21.1.RELEASE\plugins\org.eclipse.m2e.maven.runtime_3.9.500.20231113-2345\jars\plexus-component-annotations-2.1.0.jar
2024-03-04 23:58:32,716 [Worker-2: Launching Executing install in C__3WORK_workProject_Code_3WORK] INFO  o.eclipse.m2e.core.internal.Bundles - 	Entry: C:\sts-4.21.1.RELEASE\plugins\org.eclipse.m2e.maven.runtime_3.9.500.20231113-2345\jars\plexus-interpolation-1.26.jar
2024-03-04 23:58:32,716 [Worker-2: Launching Executing install in C__3WORK_workProject_Code_3WORK] INFO  o.eclipse.m2e.core.internal.Bundles - 	Entry: C:\sts-4.21.1.RELEASE\plugins\org.eclipse.m2e.maven.runtime_3.9.500.20231113-2345\jars\plexus-sec-dispatcher-2.0.jar
2024-03-04 23:58:32,716 [Worker-2: Launching Executing install in C__3WORK_workProject_Code_3WORK] INFO  o.eclipse.m2e.core.internal.Bundles - 	Entry: C:\sts-4.21.1.RELEASE\plugins\org.eclipse.m2e.maven.runtime_3.9.500.20231113-2345\jars\plexus-utils-3.5.1.jar
2024-03-04 23:58:32,717 [Worker-2: Launching Executing install in C__3WORK_workProject_Code_3WORK] INFO  o.eclipse.m2e.core.internal.Bundles - 	Entry: C:\sts-4.21.1.RELEASE\plugins\org.eclipse.m2e.maven.runtime_3.9.500.20231113-2345\jars\wagon-file-3.5.3.jar
2024-03-04 23:58:32,717 [Worker-2: Launching Executing install in C__3WORK_workProject_Code_3WORK] INFO  o.eclipse.m2e.core.internal.Bundles - 	Entry: C:\sts-4.21.1.RELEASE\plugins\org.eclipse.m2e.maven.runtime_3.9.500.20231113-2345\jars\wagon-http-3.5.3.jar
2024-03-04 23:58:32,717 [Worker-2: Launching Executing install in C__3WORK_workProject_Code_3WORK] INFO  o.eclipse.m2e.core.internal.Bundles - 	Entry: C:\sts-4.21.1.RELEASE\plugins\org.eclipse.m2e.maven.runtime_3.9.500.20231113-2345\jars\wagon-http-shared-3.5.3.jar
2024-03-04 23:58:32,717 [Worker-2: Launching Executing install in C__3WORK_workProject_Code_3WORK] INFO  o.eclipse.m2e.core.internal.Bundles - 	Entry: C:\sts-4.21.1.RELEASE\plugins\org.eclipse.m2e.maven.runtime_3.9.500.20231113-2345\jars\wagon-provider-api-3.5.3.jar
2024-03-04 23:58:32,720 [Worker-2: Launching Executing install in C__3WORK_workProject_Code_3WORK] INFO  o.eclipse.m2e.core.internal.Bundles - getClasspathEntries(Bundle=com.google.guava_33.0.0.jre [25])
2024-03-04 23:58:32,720 [Worker-2: Launching Executing install in C__3WORK_workProject_Code_3WORK] INFO  o.eclipse.m2e.core.internal.Bundles - 	Entry: C:\sts-4.21.1.RELEASE\plugins\com.google.guava_33.0.0.jre.jar
2024-03-04 23:58:32,720 [Worker-2: Launching Executing install in C__3WORK_workProject_Code_3WORK] INFO  o.eclipse.m2e.core.internal.Bundles - getClasspathEntries(Bundle=slf4j.api_2.0.9 [573])
2024-03-04 23:58:32,721 [Worker-2: Launching Executing install in C__3WORK_workProject_Code_3WORK] INFO  o.eclipse.m2e.core.internal.Bundles - 	Entry: C:\sts-4.21.1.RELEASE\plugins\slf4j.api_2.0.9.jar
2024-03-04 23:58:32,721 [Worker-2: Launching Executing install in C__3WORK_workProject_Code_3WORK] INFO  o.eclipse.m2e.core.internal.Bundles - getClasspathEntries(Bundle=jakarta.inject.jakarta.inject-api_1.0.5 [41])
2024-03-04 23:58:32,721 [Worker-2: Launching Executing install in C__3WORK_workProject_Code_3WORK] INFO  o.eclipse.m2e.core.internal.Bundles - 	Entry: C:\sts-4.21.1.RELEASE\plugins\jakarta.inject.jakarta.inject-api_1.0.5.jar
2024-03-04 23:58:32,721 [Worker-2: Launching Executing install in C__3WORK_workProject_Code_3WORK] INFO  o.eclipse.m2e.core.internal.Bundles - getClasspathEntries(Bundle=jakarta.annotation-api_1.3.5 [37])
2024-03-04 23:58:32,721 [Worker-2: Launching Executing install in C__3WORK_workProject_Code_3WORK] INFO  o.eclipse.m2e.core.internal.Bundles - 	Entry: C:\sts-4.21.1.RELEASE\plugins\jakarta.annotation-api_1.3.5.jar
2024-03-04 23:58:32,721 [Worker-2: Launching Executing install in C__3WORK_workProject_Code_3WORK] INFO  o.eclipse.m2e.core.internal.Bundles - getClasspathEntries(Bundle=org.apache.commons.cli_1.6.0 [71])
2024-03-04 23:58:32,722 [Worker-2: Launching Executing install in C__3WORK_workProject_Code_3WORK] INFO  o.eclipse.m2e.core.internal.Bundles - 	Entry: C:\sts-4.21.1.RELEASE\plugins\org.apache.commons.cli_1.6.0.jar
2024-03-04 23:58:32,722 [Worker-2: Launching Executing install in C__3WORK_workProject_Code_3WORK] INFO  o.eclipse.m2e.core.internal.Bundles - getClasspathEntries(Bundle=org.apache.commons.commons-codec_1.16.0 [73])
2024-03-04 23:58:32,722 [Worker-2: Launching Executing install in C__3WORK_workProject_Code_3WORK] INFO  o.eclipse.m2e.core.internal.Bundles - 	Entry: C:\sts-4.21.1.RELEASE\plugins\org.apache.commons.commons-codec_1.16.0.jar
2024-03-04 23:58:32,722 [Worker-2: Launching Executing install in C__3WORK_workProject_Code_3WORK] INFO  o.eclipse.m2e.core.internal.Bundles - getClasspathEntries(Bundle=org.apache.commons.lang3_3.13.0 [77])
2024-03-04 23:58:32,723 [Worker-2: Launching Executing install in C__3WORK_workProject_Code_3WORK] INFO  o.eclipse.m2e.core.internal.Bundles - 	Entry: C:\sts-4.21.1.RELEASE\plugins\org.apache.commons.lang3_3.13.0.jar
2024-03-04 23:58:32,723 [Worker-2: Launching Executing install in C__3WORK_workProject_Code_3WORK] INFO  o.eclipse.m2e.core.internal.Bundles - getClasspathEntries(Bundle=com.google.guava.failureaccess_1.0.2 [27])
2024-03-04 23:58:32,723 [Worker-2: Launching Executing install in C__3WORK_workProject_Code_3WORK] INFO  o.eclipse.m2e.core.internal.Bundles - 	Entry: C:\sts-4.21.1.RELEASE\plugins\com.google.guava.failureaccess_1.0.2.jar
2024-03-04 23:58:32,727 [Worker-2: Launching Executing install in C__3WORK_workProject_Code_3WORK] INFO  o.e.m.i.launch.MavenLaunchDelegate - Run build in "C:\3WORK\workProject\Code\3WORK":
2024-03-04 23:58:32,728 [Worker-2: Launching Executing install in C__3WORK_workProject_Code_3WORK] INFO  o.e.m.i.launch.MavenLaunchDelegate -  mvn  -B -Dstyle.color=always install
2024-03-04 23:58:59,820 [Worker-0: Launching Executing install in C__3WORK_workProject_Code_3WORK] INFO  o.eclipse.m2e.core.internal.Bundles - getClasspathEntries(Bundle=org.eclipse.m2e.maven.runtime_3.9.500.20231113-2345 [346])
2024-03-04 23:58:59,821 [Worker-0: Launching Executing install in C__3WORK_workProject_Code_3WORK] INFO  o.eclipse.m2e.core.internal.Bundles - 	Entry: C:\sts-4.21.1.RELEASE\plugins\org.eclipse.m2e.maven.runtime_3.9.500.20231113-2345
2024-03-04 23:58:59,823 [Worker-0: Launching Executing install in C__3WORK_workProject_Code_3WORK] INFO  o.eclipse.m2e.core.internal.Bundles - 	Entry: C:\sts-4.21.1.RELEASE\plugins\org.eclipse.m2e.maven.runtime_3.9.500.20231113-2345\jars\aopalliance-1.0.jar
2024-03-04 23:58:59,824 [Worker-0: Launching Executing install in C__3WORK_workProject_Code_3WORK] INFO  o.eclipse.m2e.core.internal.Bundles - 	Entry: C:\sts-4.21.1.RELEASE\plugins\org.eclipse.m2e.maven.runtime_3.9.500.20231113-2345\jars\guice-5.1.0.jar
2024-03-04 23:58:59,826 [Worker-0: Launching Executing install in C__3WORK_workProject_Code_3WORK] INFO  o.eclipse.m2e.core.internal.Bundles - 	Entry: C:\sts-4.21.1.RELEASE\plugins\org.eclipse.m2e.maven.runtime_3.9.500.20231113-2345\jars\httpclient-4.5.14.jar
2024-03-04 23:58:59,827 [Worker-0: Launching Executing install in C__3WORK_workProject_Code_3WORK] INFO  o.eclipse.m2e.core.internal.Bundles - 	Entry: C:\sts-4.21.1.RELEASE\plugins\org.eclipse.m2e.maven.runtime_3.9.500.20231113-2345\jars\httpcore-4.4.16.jar
2024-03-04 23:58:59,827 [Worker-0: Launching Executing install in C__3WORK_workProject_Code_3WORK] INFO  o.eclipse.m2e.core.internal.Bundles - 	Entry: C:\sts-4.21.1.RELEASE\plugins\org.eclipse.m2e.maven.runtime_3.9.500.20231113-2345\jars\jansi-2.4.0.jar
2024-03-04 23:58:59,827 [Worker-0: Launching Executing install in C__3WORK_workProject_Code_3WORK] INFO  o.eclipse.m2e.core.internal.Bundles - 	Entry: C:\sts-4.21.1.RELEASE\plugins\org.eclipse.m2e.maven.runtime_3.9.500.20231113-2345\jars\jcl-over-slf4j-1.7.36.jar
2024-03-04 23:58:59,828 [Worker-0: Launching Executing install in C__3WORK_workProject_Code_3WORK] INFO  o.eclipse.m2e.core.internal.Bundles - 	Entry: C:\sts-4.21.1.RELEASE\plugins\org.eclipse.m2e.maven.runtime_3.9.500.20231113-2345\jars\maven-artifact-3.9.5.jar
2024-03-04 23:58:59,828 [Worker-0: Launching Executing install in C__3WORK_workProject_Code_3WORK] INFO  o.eclipse.m2e.core.internal.Bundles - 	Entry: C:\sts-4.21.1.RELEASE\plugins\org.eclipse.m2e.maven.runtime_3.9.500.20231113-2345\jars\maven-builder-support-3.9.5.jar
2024-03-04 23:58:59,829 [Worker-0: Launching Executing install in C__3WORK_workProject_Code_3WORK] INFO  o.eclipse.m2e.core.internal.Bundles - 	Entry: C:\sts-4.21.1.RELEASE\plugins\org.eclipse.m2e.maven.runtime_3.9.500.20231113-2345\jars\maven-compat-3.9.5.jar
2024-03-04 23:58:59,830 [Worker-0: Launching Executing install in C__3WORK_workProject_Code_3WORK] INFO  o.eclipse.m2e.core.internal.Bundles - 	Entry: C:\sts-4.21.1.RELEASE\plugins\org.eclipse.m2e.maven.runtime_3.9.500.20231113-2345\jars\maven-core-3.9.5.jar
2024-03-04 23:58:59,831 [Worker-0: Launching Executing install in C__3WORK_workProject_Code_3WORK] INFO  o.eclipse.m2e.core.internal.Bundles - 	Entry: C:\sts-4.21.1.RELEASE\plugins\org.eclipse.m2e.maven.runtime_3.9.500.20231113-2345\jars\maven-embedder-3.9.5.jar
2024-03-04 23:58:59,832 [Worker-0: Launching Executing install in C__3WORK_workProject_Code_3WORK] INFO  o.eclipse.m2e.core.internal.Bundles - 	Entry: C:\sts-4.21.1.RELEASE\plugins\org.eclipse.m2e.maven.runtime_3.9.500.20231113-2345\jars\maven-model-3.9.5.jar
2024-03-04 23:58:59,833 [Worker-0: Launching Executing install in C__3WORK_workProject_Code_3WORK] INFO  o.eclipse.m2e.core.internal.Bundles - 	Entry: C:\sts-4.21.1.RELEASE\plugins\org.eclipse.m2e.maven.runtime_3.9.500.20231113-2345\jars\maven-model-builder-3.9.5.jar
2024-03-04 23:58:59,833 [Worker-0: Launching Executing install in C__3WORK_workProject_Code_3WORK] INFO  o.eclipse.m2e.core.internal.Bundles - 	Entry: C:\sts-4.21.1.RELEASE\plugins\org.eclipse.m2e.maven.runtime_3.9.500.20231113-2345\jars\maven-plugin-api-3.9.5.jar
2024-03-04 23:58:59,834 [Worker-0: Launching Executing install in C__3WORK_workProject_Code_3WORK] INFO  o.eclipse.m2e.core.internal.Bundles - 	Entry: C:\sts-4.21.1.RELEASE\plugins\org.eclipse.m2e.maven.runtime_3.9.500.20231113-2345\jars\maven-repository-metadata-3.9.5.jar
2024-03-04 23:58:59,834 [Worker-0: Launching Executing install in C__3WORK_workProject_Code_3WORK] INFO  o.eclipse.m2e.core.internal.Bundles - 	Entry: C:\sts-4.21.1.RELEASE\plugins\org.eclipse.m2e.maven.runtime_3.9.500.20231113-2345\jars\maven-resolver-api-1.9.16.jar
2024-03-04 23:58:59,835 [Worker-0: Launching Executing install in C__3WORK_workProject_Code_3WORK] INFO  o.eclipse.m2e.core.internal.Bundles - 	Entry: C:\sts-4.21.1.RELEASE\plugins\org.eclipse.m2e.maven.runtime_3.9.500.20231113-2345\jars\maven-resolver-connector-basic-1.9.16.jar
2024-03-04 23:58:59,835 [Worker-0: Launching Executing install in C__3WORK_workProject_Code_3WORK] INFO  o.eclipse.m2e.core.internal.Bundles - 	Entry: C:\sts-4.21.1.RELEASE\plugins\org.eclipse.m2e.maven.runtime_3.9.500.20231113-2345\jars\maven-resolver-impl-1.9.16.jar
2024-03-04 23:58:59,835 [Worker-0: Launching Executing install in C__3WORK_workProject_Code_3WORK] INFO  o.eclipse.m2e.core.internal.Bundles - 	Entry: C:\sts-4.21.1.RELEASE\plugins\org.eclipse.m2e.maven.runtime_3.9.500.20231113-2345\jars\maven-resolver-named-locks-1.9.16.jar
2024-03-04 23:58:59,836 [Worker-0: Launching Executing install in C__3WORK_workProject_Code_3WORK] INFO  o.eclipse.m2e.core.internal.Bundles - 	Entry: C:\sts-4.21.1.RELEASE\plugins\org.eclipse.m2e.maven.runtime_3.9.500.20231113-2345\jars\maven-resolver-provider-3.9.5.jar
2024-03-04 23:58:59,836 [Worker-0: Launching Executing install in C__3WORK_workProject_Code_3WORK] INFO  o.eclipse.m2e.core.internal.Bundles - 	Entry: C:\sts-4.21.1.RELEASE\plugins\org.eclipse.m2e.maven.runtime_3.9.500.20231113-2345\jars\maven-resolver-spi-1.9.16.jar
2024-03-04 23:58:59,837 [Worker-0: Launching Executing install in C__3WORK_workProject_Code_3WORK] INFO  o.eclipse.m2e.core.internal.Bundles - 	Entry: C:\sts-4.21.1.RELEASE\plugins\org.eclipse.m2e.maven.runtime_3.9.500.20231113-2345\jars\maven-resolver-transport-file-1.9.16.jar
2024-03-04 23:58:59,837 [Worker-0: Launching Executing install in C__3WORK_workProject_Code_3WORK] INFO  o.eclipse.m2e.core.internal.Bundles - 	Entry: C:\sts-4.21.1.RELEASE\plugins\org.eclipse.m2e.maven.runtime_3.9.500.20231113-2345\jars\maven-resolver-transport-http-1.9.16.jar
2024-03-04 23:58:59,838 [Worker-0: Launching Executing install in C__3WORK_workProject_Code_3WORK] INFO  o.eclipse.m2e.core.internal.Bundles - 	Entry: C:\sts-4.21.1.RELEASE\plugins\org.eclipse.m2e.maven.runtime_3.9.500.20231113-2345\jars\maven-resolver-transport-wagon-1.9.16.jar
2024-03-04 23:58:59,838 [Worker-0: Launching Executing install in C__3WORK_workProject_Code_3WORK] INFO  o.eclipse.m2e.core.internal.Bundles - 	Entry: C:\sts-4.21.1.RELEASE\plugins\org.eclipse.m2e.maven.runtime_3.9.500.20231113-2345\jars\maven-resolver-util-1.9.16.jar
2024-03-04 23:58:59,839 [Worker-0: Launching Executing install in C__3WORK_workProject_Code_3WORK] INFO  o.eclipse.m2e.core.internal.Bundles - 	Entry: C:\sts-4.21.1.RELEASE\plugins\org.eclipse.m2e.maven.runtime_3.9.500.20231113-2345\jars\maven-settings-3.9.5.jar
2024-03-04 23:58:59,839 [Worker-0: Launching Executing install in C__3WORK_workProject_Code_3WORK] INFO  o.eclipse.m2e.core.internal.Bundles - 	Entry: C:\sts-4.21.1.RELEASE\plugins\org.eclipse.m2e.maven.runtime_3.9.500.20231113-2345\jars\maven-settings-builder-3.9.5.jar
2024-03-04 23:58:59,839 [Worker-0: Launching Executing install in C__3WORK_workProject_Code_3WORK] INFO  o.eclipse.m2e.core.internal.Bundles - 	Entry: C:\sts-4.21.1.RELEASE\plugins\org.eclipse.m2e.maven.runtime_3.9.500.20231113-2345\jars\maven-shared-utils-3.3.4.jar
2024-03-04 23:58:59,839 [Worker-0: Launching Executing install in C__3WORK_workProject_Code_3WORK] INFO  o.eclipse.m2e.core.internal.Bundles - 	Entry: C:\sts-4.21.1.RELEASE\plugins\org.eclipse.m2e.maven.runtime_3.9.500.20231113-2345\jars\org.eclipse.sisu.inject-0.3.5.jar
2024-03-04 23:58:59,840 [Worker-0: Launching Executing install in C__3WORK_workProject_Code_3WORK] INFO  o.eclipse.m2e.core.internal.Bundles - 	Entry: C:\sts-4.21.1.RELEASE\plugins\org.eclipse.m2e.maven.runtime_3.9.500.20231113-2345\jars\org.eclipse.sisu.plexus-0.3.5.jar
2024-03-04 23:58:59,840 [Worker-0: Launching Executing install in C__3WORK_workProject_Code_3WORK] INFO  o.eclipse.m2e.core.internal.Bundles - 	Entry: C:\sts-4.21.1.RELEASE\plugins\org.eclipse.m2e.maven.runtime_3.9.500.20231113-2345\jars\plexus-build-api-0.0.7.jar
2024-03-04 23:58:59,840 [Worker-0: Launching Executing install in C__3WORK_workProject_Code_3WORK] INFO  o.eclipse.m2e.core.internal.Bundles - 	Entry: C:\sts-4.21.1.RELEASE\plugins\org.eclipse.m2e.maven.runtime_3.9.500.20231113-2345\jars\plexus-cipher-2.0.jar
2024-03-04 23:58:59,841 [Worker-0: Launching Executing install in C__3WORK_workProject_Code_3WORK] INFO  o.eclipse.m2e.core.internal.Bundles - 	Entry: C:\sts-4.21.1.RELEASE\plugins\org.eclipse.m2e.maven.runtime_3.9.500.20231113-2345\jars\plexus-classworlds-2.7.0.jar
2024-03-04 23:58:59,841 [Worker-0: Launching Executing install in C__3WORK_workProject_Code_3WORK] INFO  o.eclipse.m2e.core.internal.Bundles - 	Entry: C:\sts-4.21.1.RELEASE\plugins\org.eclipse.m2e.maven.runtime_3.9.500.20231113-2345\jars\plexus-component-annotations-2.1.0.jar
2024-03-04 23:58:59,841 [Worker-0: Launching Executing install in C__3WORK_workProject_Code_3WORK] INFO  o.eclipse.m2e.core.internal.Bundles - 	Entry: C:\sts-4.21.1.RELEASE\plugins\org.eclipse.m2e.maven.runtime_3.9.500.20231113-2345\jars\plexus-interpolation-1.26.jar
2024-03-04 23:58:59,841 [Worker-0: Launching Executing install in C__3WORK_workProject_Code_3WORK] INFO  o.eclipse.m2e.core.internal.Bundles - 	Entry: C:\sts-4.21.1.RELEASE\plugins\org.eclipse.m2e.maven.runtime_3.9.500.20231113-2345\jars\plexus-sec-dispatcher-2.0.jar
2024-03-04 23:58:59,842 [Worker-0: Launching Executing install in C__3WORK_workProject_Code_3WORK] INFO  o.eclipse.m2e.core.internal.Bundles - 	Entry: C:\sts-4.21.1.RELEASE\plugins\org.eclipse.m2e.maven.runtime_3.9.500.20231113-2345\jars\plexus-utils-3.5.1.jar
2024-03-04 23:58:59,842 [Worker-0: Launching Executing install in C__3WORK_workProject_Code_3WORK] INFO  o.eclipse.m2e.core.internal.Bundles - 	Entry: C:\sts-4.21.1.RELEASE\plugins\org.eclipse.m2e.maven.runtime_3.9.500.20231113-2345\jars\wagon-file-3.5.3.jar
2024-03-04 23:58:59,842 [Worker-0: Launching Executing install in C__3WORK_workProject_Code_3WORK] INFO  o.eclipse.m2e.core.internal.Bundles - 	Entry: C:\sts-4.21.1.RELEASE\plugins\org.eclipse.m2e.maven.runtime_3.9.500.20231113-2345\jars\wagon-http-3.5.3.jar
2024-03-04 23:58:59,843 [Worker-0: Launching Executing install in C__3WORK_workProject_Code_3WORK] INFO  o.eclipse.m2e.core.internal.Bundles - 	Entry: C:\sts-4.21.1.RELEASE\plugins\org.eclipse.m2e.maven.runtime_3.9.500.20231113-2345\jars\wagon-http-shared-3.5.3.jar
2024-03-04 23:58:59,845 [Worker-0: Launching Executing install in C__3WORK_workProject_Code_3WORK] INFO  o.eclipse.m2e.core.internal.Bundles - 	Entry: C:\sts-4.21.1.RELEASE\plugins\org.eclipse.m2e.maven.runtime_3.9.500.20231113-2345\jars\wagon-provider-api-3.5.3.jar
2024-03-04 23:58:59,846 [Worker-0: Launching Executing install in C__3WORK_workProject_Code_3WORK] INFO  o.eclipse.m2e.core.internal.Bundles - getClasspathEntries(Bundle=com.google.guava_33.0.0.jre [25])
2024-03-04 23:58:59,847 [Worker-0: Launching Executing install in C__3WORK_workProject_Code_3WORK] INFO  o.eclipse.m2e.core.internal.Bundles - 	Entry: C:\sts-4.21.1.RELEASE\plugins\com.google.guava_33.0.0.jre.jar
2024-03-04 23:58:59,847 [Worker-0: Launching Executing install in C__3WORK_workProject_Code_3WORK] INFO  o.eclipse.m2e.core.internal.Bundles - getClasspathEntries(Bundle=slf4j.api_2.0.9 [573])
2024-03-04 23:58:59,848 [Worker-0: Launching Executing install in C__3WORK_workProject_Code_3WORK] INFO  o.eclipse.m2e.core.internal.Bundles - 	Entry: C:\sts-4.21.1.RELEASE\plugins\slf4j.api_2.0.9.jar
2024-03-04 23:58:59,848 [Worker-0: Launching Executing install in C__3WORK_workProject_Code_3WORK] INFO  o.eclipse.m2e.core.internal.Bundles - getClasspathEntries(Bundle=jakarta.inject.jakarta.inject-api_1.0.5 [41])
2024-03-04 23:58:59,848 [Worker-0: Launching Executing install in C__3WORK_workProject_Code_3WORK] INFO  o.eclipse.m2e.core.internal.Bundles - 	Entry: C:\sts-4.21.1.RELEASE\plugins\jakarta.inject.jakarta.inject-api_1.0.5.jar
2024-03-04 23:58:59,848 [Worker-0: Launching Executing install in C__3WORK_workProject_Code_3WORK] INFO  o.eclipse.m2e.core.internal.Bundles - getClasspathEntries(Bundle=jakarta.annotation-api_1.3.5 [37])
2024-03-04 23:58:59,849 [Worker-0: Launching Executing install in C__3WORK_workProject_Code_3WORK] INFO  o.eclipse.m2e.core.internal.Bundles - 	Entry: C:\sts-4.21.1.RELEASE\plugins\jakarta.annotation-api_1.3.5.jar
2024-03-04 23:58:59,849 [Worker-0: Launching Executing install in C__3WORK_workProject_Code_3WORK] INFO  o.eclipse.m2e.core.internal.Bundles - getClasspathEntries(Bundle=org.apache.commons.cli_1.6.0 [71])
2024-03-04 23:58:59,849 [Worker-0: Launching Executing install in C__3WORK_workProject_Code_3WORK] INFO  o.eclipse.m2e.core.internal.Bundles - 	Entry: C:\sts-4.21.1.RELEASE\plugins\org.apache.commons.cli_1.6.0.jar
2024-03-04 23:58:59,849 [Worker-0: Launching Executing install in C__3WORK_workProject_Code_3WORK] INFO  o.eclipse.m2e.core.internal.Bundles - getClasspathEntries(Bundle=org.apache.commons.commons-codec_1.16.0 [73])
2024-03-04 23:58:59,850 [Worker-0: Launching Executing install in C__3WORK_workProject_Code_3WORK] INFO  o.eclipse.m2e.core.internal.Bundles - 	Entry: C:\sts-4.21.1.RELEASE\plugins\org.apache.commons.commons-codec_1.16.0.jar
2024-03-04 23:58:59,850 [Worker-0: Launching Executing install in C__3WORK_workProject_Code_3WORK] INFO  o.eclipse.m2e.core.internal.Bundles - getClasspathEntries(Bundle=org.apache.commons.lang3_3.13.0 [77])
2024-03-04 23:58:59,850 [Worker-0: Launching Executing install in C__3WORK_workProject_Code_3WORK] INFO  o.eclipse.m2e.core.internal.Bundles - 	Entry: C:\sts-4.21.1.RELEASE\plugins\org.apache.commons.lang3_3.13.0.jar
2024-03-04 23:58:59,851 [Worker-0: Launching Executing install in C__3WORK_workProject_Code_3WORK] INFO  o.eclipse.m2e.core.internal.Bundles - getClasspathEntries(Bundle=com.google.guava.failureaccess_1.0.2 [27])
2024-03-04 23:58:59,851 [Worker-0: Launching Executing install in C__3WORK_workProject_Code_3WORK] INFO  o.eclipse.m2e.core.internal.Bundles - 	Entry: C:\sts-4.21.1.RELEASE\plugins\com.google.guava.failureaccess_1.0.2.jar
2024-03-04 23:58:59,853 [Worker-0: Launching Executing install in C__3WORK_workProject_Code_3WORK] INFO  o.e.m.i.launch.MavenLaunchDelegate - Run build in "C:\3WORK\workProject\Code\3WORK":
2024-03-04 23:58:59,853 [Worker-0: Launching Executing install in C__3WORK_workProject_Code_3WORK] INFO  o.e.m.i.launch.MavenLaunchDelegate -  mvn  -B -Dstyle.color=always install
2024-03-06 21:34:41,379 [Worker-2: Loading available Gradle versions] INFO  o.e.b.c.i.u.g.PublishedGradleVersions - Gradle version information cache is out-of-date. Trying to update.
2024-03-06 21:38:15,757 [Worker-3: Launching 3WORK - Application] INFO  o.a.m.s.f.DefaultMavenResourcesFiltering - Copying 1 resource from src\main\resources to target\classes
2024-03-06 21:38:15,786 [Worker-3: Launching 3WORK - Application] INFO  o.a.m.s.f.DefaultMavenResourcesFiltering - Copying 158 resources from src\main\resources to target\classes
2024-03-06 21:38:16,131 [Worker-3: Launching 3WORK - Application] INFO  o.a.m.s.f.DefaultMavenResourcesFiltering - skip non existing resourceDirectory C:\3WORK\workProject\Code\3WORK\src\test\resources
2024-03-06 22:48:44,608 [Worker-21: Building] INFO  o.a.m.s.f.DefaultMavenResourcesFiltering - Copying 1 resource from src\main\resources to target\classes
2024-03-06 22:48:44,669 [Worker-21: Building] INFO  o.a.m.s.f.DefaultMavenResourcesFiltering - Copying 0 resource from src\main\resources to target\classes
2024-03-06 22:48:44,672 [Worker-21: Building] INFO  o.a.m.s.f.DefaultMavenResourcesFiltering - skip non existing resourceDirectory C:\3WORK\workProject\Code\3WORK\src\test\resources
2024-03-07 13:00:15,422 [Worker-1: Loading available Gradle versions] INFO  o.e.b.c.i.u.g.PublishedGradleVersions - Gradle version information cache is up-to-date. Trying to read.
2024-03-07 13:00:41,141 [Worker-0: Launching 3WORK - Application] INFO  o.a.m.s.f.DefaultMavenResourcesFiltering - Copying 1 resource from src\main\resources to target\classes
2024-03-07 13:00:41,169 [Worker-0: Launching 3WORK - Application] INFO  o.a.m.s.f.DefaultMavenResourcesFiltering - Copying 158 resources from src\main\resources to target\classes
2024-03-07 13:00:41,571 [Worker-0: Launching 3WORK - Application] INFO  o.a.m.s.f.DefaultMavenResourcesFiltering - skip non existing resourceDirectory C:\3WORK\workProject\Code\3WORK\src\test\resources
2024-03-07 13:02:27,404 [Worker-0: Building] INFO  o.a.m.s.f.DefaultMavenResourcesFiltering - Copying 1 resource from src\main\resources to target\classes
2024-03-07 13:02:27,459 [Worker-0: Building] INFO  o.a.m.s.f.DefaultMavenResourcesFiltering - Copying 0 resource from src\main\resources to target\classes
2024-03-07 13:02:27,464 [Worker-0: Building] INFO  o.a.m.s.f.DefaultMavenResourcesFiltering - skip non existing resourceDirectory C:\3WORK\workProject\Code\3WORK\src\test\resources
